{"/Users/liubingjian/Documents/daily/canvas_game/webpack/lib/webpack.base.js":{"path":"/Users/liubingjian/Documents/daily/canvas_game/webpack/lib/webpack.base.js","s":{"1":1,"2":1,"3":1,"4":1,"5":1,"6":1,"7":1,"8":1,"9":1,"10":1,"11":1,"12":1,"13":1,"14":0,"15":0,"16":0,"17":0,"18":0,"19":1,"20":1,"21":1,"22":0,"23":0,"24":0,"25":0},"b":{"1":[0,0],"2":[0,0],"3":[0,0,0]},"f":{"1":0},"fnMap":{"1":{"name":"errorPlugin","line":155,"loc":{"start":{"line":155,"column":4},"end":{"line":155,"column":27}}}},"statementMap":{"1":{"start":{"line":22,"column":0},"end":{"line":22,"column":45}},"2":{"start":{"line":23,"column":0},"end":{"line":23,"column":29}},"3":{"start":{"line":24,"column":0},"end":{"line":24,"column":29}},"4":{"start":{"line":26,"column":0},"end":{"line":26,"column":59}},"5":{"start":{"line":28,"column":0},"end":{"line":28,"column":78}},"6":{"start":{"line":30,"column":0},"end":{"line":30,"column":57}},"7":{"start":{"line":32,"column":0},"end":{"line":32,"column":64}},"8":{"start":{"line":34,"column":0},"end":{"line":34,"column":34}},"9":{"start":{"line":36,"column":0},"end":{"line":72,"column":2}},"10":{"start":{"line":37,"column":2},"end":{"line":37,"column":19}},"11":{"start":{"line":38,"column":2},"end":{"line":38,"column":32}},"12":{"start":{"line":39,"column":2},"end":{"line":39,"column":75}},"13":{"start":{"line":41,"column":2},"end":{"line":66,"column":7}},"14":{"start":{"line":43,"column":6},"end":{"line":43,"column":42}},"15":{"start":{"line":45,"column":6},"end":{"line":45,"column":60}},"16":{"start":{"line":46,"column":6},"end":{"line":46,"column":41}},"17":{"start":{"line":48,"column":6},"end":{"line":48,"column":34}},"18":{"start":{"line":49,"column":6},"end":{"line":65,"column":8}},"19":{"start":{"line":68,"column":2},"end":{"line":71,"column":4}},"20":{"start":{"line":74,"column":0},"end":{"line":74,"column":47}},"21":{"start":{"line":76,"column":0},"end":{"line":165,"column":2}},"22":{"start":{"line":108,"column":29},"end":{"line":112,"column":15}},"23":{"start":{"line":156,"column":6},"end":{"line":160,"column":9}},"24":{"start":{"line":157,"column":8},"end":{"line":159,"column":9}},"25":{"start":{"line":158,"column":10},"end":{"line":158,"column":26}}},"branchMap":{"1":{"line":46,"type":"binary-expr","locations":[{"start":{"line":46,"column":23},"end":{"line":46,"column":28}},{"start":{"line":46,"column":32},"end":{"line":46,"column":40}}]},"2":{"line":157,"type":"if","locations":[{"start":{"line":157,"column":8},"end":{"line":157,"column":8}},{"start":{"line":157,"column":8},"end":{"line":157,"column":8}}]},"3":{"line":157,"type":"binary-expr","locations":[{"start":{"line":157,"column":12},"end":{"line":157,"column":36}},{"start":{"line":157,"column":40},"end":{"line":157,"column":71}},{"start":{"line":157,"column":75},"end":{"line":157,"column":113}}]}}}}